<?xml version="1.0" encoding="UTF-8"?>
<testsuite name="com.mindex.challenge.DataBootstrapTest" tests="1" skipped="0" failures="0" errors="0" timestamp="2022-03-02T02:19:37" hostname="ZERO" time="0.008">
  <properties/>
  <testcase name="test" classname="com.mindex.challenge.DataBootstrapTest" time="0.008"/>
  <system-out><![CDATA[2022-03-01 21:19:37.089  INFO 20764 --- [    Test worker] .b.t.c.SpringBootTestContextBootstrapper : Neither @ContextConfiguration nor @ContextHierarchy found for test class [com.mindex.challenge.DataBootstrapTest], using SpringBootContextLoader
2022-03-01 21:19:37.090  INFO 20764 --- [    Test worker] o.s.t.c.support.AbstractContextLoader    : Could not detect default resource locations for test class [com.mindex.challenge.DataBootstrapTest]: no resource found for suffixes {-context.xml, Context.groovy}.
2022-03-01 21:19:37.091  INFO 20764 --- [    Test worker] t.c.s.AnnotationConfigContextLoaderUtils : Could not detect default configuration classes for test class [com.mindex.challenge.DataBootstrapTest]: DataBootstrapTest does not declare any static, non-private, non-final, nested classes annotated with @Configuration.
2022-03-01 21:19:37.092  INFO 20764 --- [    Test worker] .b.t.c.SpringBootTestContextBootstrapper : Found @SpringBootConfiguration com.mindex.challenge.ChallengeApplication for test class com.mindex.challenge.DataBootstrapTest
2022-03-01 21:19:37.093  INFO 20764 --- [    Test worker] .b.t.c.SpringBootTestContextBootstrapper : Loaded default TestExecutionListener class names from location [META-INF/spring.factories]: [org.springframework.boot.test.autoconfigure.restdocs.RestDocsTestExecutionListener, org.springframework.boot.test.autoconfigure.web.client.MockRestServiceServerResetTestExecutionListener, org.springframework.boot.test.autoconfigure.web.servlet.MockMvcPrintOnlyOnFailureTestExecutionListener, org.springframework.boot.test.autoconfigure.web.servlet.WebDriverTestExecutionListener, org.springframework.boot.test.mock.mockito.MockitoTestExecutionListener, org.springframework.boot.test.mock.mockito.ResetMocksTestExecutionListener, org.springframework.test.context.web.ServletTestExecutionListener, org.springframework.test.context.support.DirtiesContextBeforeModesTestExecutionListener, org.springframework.test.context.support.DependencyInjectionTestExecutionListener, org.springframework.test.context.support.DirtiesContextTestExecutionListener, org.springframework.test.context.transaction.TransactionalTestExecutionListener, org.springframework.test.context.jdbc.SqlScriptsTestExecutionListener, org.springframework.test.context.event.EventPublishingTestExecutionListener]
2022-03-01 21:19:37.093  INFO 20764 --- [    Test worker] .b.t.c.SpringBootTestContextBootstrapper : Using TestExecutionListeners: [org.springframework.test.context.web.ServletTestExecutionListener@17332039, org.springframework.test.context.support.DirtiesContextBeforeModesTestExecutionListener@776e7dfb, org.springframework.boot.test.mock.mockito.MockitoTestExecutionListener@71418a4a, org.springframework.boot.test.autoconfigure.SpringBootDependencyInjectionTestExecutionListener@67ecf7ed, org.springframework.test.context.support.DirtiesContextTestExecutionListener@69d021c1, org.springframework.test.context.transaction.TransactionalTestExecutionListener@6d5508a5, org.springframework.test.context.jdbc.SqlScriptsTestExecutionListener@103bcc9f, org.springframework.test.context.event.EventPublishingTestExecutionListener@106802ea, org.springframework.boot.test.autoconfigure.restdocs.RestDocsTestExecutionListener@785ef70f, org.springframework.boot.test.autoconfigure.web.client.MockRestServiceServerResetTestExecutionListener@3d8bd881, org.springframework.boot.test.autoconfigure.web.servlet.MockMvcPrintOnlyOnFailureTestExecutionListener@731ab49b, org.springframework.boot.test.autoconfigure.web.servlet.WebDriverTestExecutionListener@23358740, org.springframework.boot.test.mock.mockito.ResetMocksTestExecutionListener@2cdcfaa6]
]]></system-out>
  <system-err><![CDATA[]]></system-err>
</testsuite>
