<?xml version="1.0" encoding="UTF-8"?>
<testsuite name="com.mindex.challenge.service.impl.EmployeeServiceImplTest" tests="1" skipped="0" failures="0" errors="0" timestamp="2022-03-02T02:19:37" hostname="ZERO" time="0.025">
  <properties/>
  <testcase name="testCreateReadUpdate" classname="com.mindex.challenge.service.impl.EmployeeServiceImplTest" time="0.025"/>
  <system-out><![CDATA[2022-03-01 21:19:37.181  INFO 20764 --- [    Test worker] .b.t.c.SpringBootTestContextBootstrapper : Neither @ContextConfiguration nor @ContextHierarchy found for test class [com.mindex.challenge.service.impl.EmployeeServiceImplTest], using SpringBootContextLoader
2022-03-01 21:19:37.182  INFO 20764 --- [    Test worker] o.s.t.c.support.AbstractContextLoader    : Could not detect default resource locations for test class [com.mindex.challenge.service.impl.EmployeeServiceImplTest]: no resource found for suffixes {-context.xml, Context.groovy}.
2022-03-01 21:19:37.182  INFO 20764 --- [    Test worker] t.c.s.AnnotationConfigContextLoaderUtils : Could not detect default configuration classes for test class [com.mindex.challenge.service.impl.EmployeeServiceImplTest]: EmployeeServiceImplTest does not declare any static, non-private, non-final, nested classes annotated with @Configuration.
2022-03-01 21:19:37.184  INFO 20764 --- [    Test worker] .b.t.c.SpringBootTestContextBootstrapper : Found @SpringBootConfiguration com.mindex.challenge.ChallengeApplication for test class com.mindex.challenge.service.impl.EmployeeServiceImplTest
2022-03-01 21:19:37.185  INFO 20764 --- [    Test worker] .b.t.c.SpringBootTestContextBootstrapper : Loaded default TestExecutionListener class names from location [META-INF/spring.factories]: [org.springframework.boot.test.autoconfigure.restdocs.RestDocsTestExecutionListener, org.springframework.boot.test.autoconfigure.web.client.MockRestServiceServerResetTestExecutionListener, org.springframework.boot.test.autoconfigure.web.servlet.MockMvcPrintOnlyOnFailureTestExecutionListener, org.springframework.boot.test.autoconfigure.web.servlet.WebDriverTestExecutionListener, org.springframework.boot.test.mock.mockito.MockitoTestExecutionListener, org.springframework.boot.test.mock.mockito.ResetMocksTestExecutionListener, org.springframework.test.context.web.ServletTestExecutionListener, org.springframework.test.context.support.DirtiesContextBeforeModesTestExecutionListener, org.springframework.test.context.support.DependencyInjectionTestExecutionListener, org.springframework.test.context.support.DirtiesContextTestExecutionListener, org.springframework.test.context.transaction.TransactionalTestExecutionListener, org.springframework.test.context.jdbc.SqlScriptsTestExecutionListener, org.springframework.test.context.event.EventPublishingTestExecutionListener]
2022-03-01 21:19:37.185  INFO 20764 --- [    Test worker] .b.t.c.SpringBootTestContextBootstrapper : Using TestExecutionListeners: [org.springframework.test.context.web.ServletTestExecutionListener@7a8b7e11, org.springframework.test.context.support.DirtiesContextBeforeModesTestExecutionListener@d229912, org.springframework.boot.test.mock.mockito.MockitoTestExecutionListener@5a06eeef, org.springframework.boot.test.autoconfigure.SpringBootDependencyInjectionTestExecutionListener@1c0cf193, org.springframework.test.context.support.DirtiesContextTestExecutionListener@3dd66ff5, org.springframework.test.context.transaction.TransactionalTestExecutionListener@24258b54, org.springframework.test.context.jdbc.SqlScriptsTestExecutionListener@493968a9, org.springframework.test.context.event.EventPublishingTestExecutionListener@32428874, org.springframework.boot.test.autoconfigure.restdocs.RestDocsTestExecutionListener@3c65f00e, org.springframework.boot.test.autoconfigure.web.client.MockRestServiceServerResetTestExecutionListener@3412a3fd, org.springframework.boot.test.autoconfigure.web.servlet.MockMvcPrintOnlyOnFailureTestExecutionListener@36ecf9f6, org.springframework.boot.test.autoconfigure.web.servlet.WebDriverTestExecutionListener@104bc677, org.springframework.boot.test.mock.mockito.ResetMocksTestExecutionListener@3bda1f0]
2022-03-01 21:19:37.193 DEBUG 20764 --- [o-auto-1-exec-5] c.m.c.controller.EmployeeController      : Got employee create request for [com.mindex.challenge.data.Employee@1dbedf2f]
2022-03-01 21:19:37.193 DEBUG 20764 --- [o-auto-1-exec-5] c.m.c.service.impl.EmployeeServiceImpl   : Creating employee [com.mindex.challenge.data.Employee@1dbedf2f]
2022-03-01 21:19:37.199 DEBUG 20764 --- [o-auto-1-exec-6] c.m.c.controller.EmployeeController      : Got employee create request for id [133a0c15-6865-45c1-8447-453cb0330866]
2022-03-01 21:19:37.199 DEBUG 20764 --- [o-auto-1-exec-6] c.m.c.service.impl.EmployeeServiceImpl   : Creating employee with id [133a0c15-6865-45c1-8447-453cb0330866]
2022-03-01 21:19:37.207 DEBUG 20764 --- [o-auto-1-exec-7] c.m.c.controller.EmployeeController      : Got employee create request for id [133a0c15-6865-45c1-8447-453cb0330866] and employee [com.mindex.challenge.data.Employee@23cf1862]
2022-03-01 21:19:37.207 DEBUG 20764 --- [o-auto-1-exec-7] c.m.c.service.impl.EmployeeServiceImpl   : Updating employee [com.mindex.challenge.data.Employee@23cf1862]
]]></system-out>
  <system-err><![CDATA[]]></system-err>
</testsuite>
