<?xml version="1.0" encoding="UTF-8"?>
<testsuite name="com.mindex.challenge.ChallengeApplicationTests" tests="1" skipped="0" failures="0" errors="0" timestamp="2022-03-02T02:19:37" hostname="ZERO" time="0.002">
  <properties/>
  <testcase name="contextLoads" classname="com.mindex.challenge.ChallengeApplicationTests" time="0.002"/>
  <system-out><![CDATA[2022-03-01 21:19:36.346  INFO 20764 --- [    Test worker] .b.t.c.SpringBootTestContextBootstrapper : Neither @ContextConfiguration nor @ContextHierarchy found for test class [com.mindex.challenge.ChallengeApplicationTests], using SpringBootContextLoader
2022-03-01 21:19:36.347  INFO 20764 --- [    Test worker] o.s.t.c.support.AbstractContextLoader    : Could not detect default resource locations for test class [com.mindex.challenge.ChallengeApplicationTests]: no resource found for suffixes {-context.xml, Context.groovy}.
2022-03-01 21:19:36.348  INFO 20764 --- [    Test worker] t.c.s.AnnotationConfigContextLoaderUtils : Could not detect default configuration classes for test class [com.mindex.challenge.ChallengeApplicationTests]: ChallengeApplicationTests does not declare any static, non-private, non-final, nested classes annotated with @Configuration.
2022-03-01 21:19:36.353  INFO 20764 --- [    Test worker] .b.t.c.SpringBootTestContextBootstrapper : Found @SpringBootConfiguration com.mindex.challenge.ChallengeApplication for test class com.mindex.challenge.ChallengeApplicationTests
2022-03-01 21:19:36.354  INFO 20764 --- [    Test worker] .b.t.c.SpringBootTestContextBootstrapper : Loaded default TestExecutionListener class names from location [META-INF/spring.factories]: [org.springframework.boot.test.autoconfigure.restdocs.RestDocsTestExecutionListener, org.springframework.boot.test.autoconfigure.web.client.MockRestServiceServerResetTestExecutionListener, org.springframework.boot.test.autoconfigure.web.servlet.MockMvcPrintOnlyOnFailureTestExecutionListener, org.springframework.boot.test.autoconfigure.web.servlet.WebDriverTestExecutionListener, org.springframework.boot.test.mock.mockito.MockitoTestExecutionListener, org.springframework.boot.test.mock.mockito.ResetMocksTestExecutionListener, org.springframework.test.context.web.ServletTestExecutionListener, org.springframework.test.context.support.DirtiesContextBeforeModesTestExecutionListener, org.springframework.test.context.support.DependencyInjectionTestExecutionListener, org.springframework.test.context.support.DirtiesContextTestExecutionListener, org.springframework.test.context.transaction.TransactionalTestExecutionListener, org.springframework.test.context.jdbc.SqlScriptsTestExecutionListener, org.springframework.test.context.event.EventPublishingTestExecutionListener]
2022-03-01 21:19:36.355  INFO 20764 --- [    Test worker] .b.t.c.SpringBootTestContextBootstrapper : Using TestExecutionListeners: [org.springframework.test.context.web.ServletTestExecutionListener@69bca406, org.springframework.test.context.support.DirtiesContextBeforeModesTestExecutionListener@79c1ccf7, org.springframework.boot.test.mock.mockito.MockitoTestExecutionListener@4654e373, org.springframework.boot.test.autoconfigure.SpringBootDependencyInjectionTestExecutionListener@2474df51, org.springframework.test.context.support.DirtiesContextTestExecutionListener@2864d34d, org.springframework.test.context.transaction.TransactionalTestExecutionListener@5fb514c2, org.springframework.test.context.jdbc.SqlScriptsTestExecutionListener@3e9b3b3c, org.springframework.test.context.event.EventPublishingTestExecutionListener@3c97f5e9, org.springframework.boot.test.autoconfigure.restdocs.RestDocsTestExecutionListener@32e7b78d, org.springframework.boot.test.autoconfigure.web.client.MockRestServiceServerResetTestExecutionListener@4583b617, org.springframework.boot.test.autoconfigure.web.servlet.MockMvcPrintOnlyOnFailureTestExecutionListener@22a63740, org.springframework.boot.test.autoconfigure.web.servlet.WebDriverTestExecutionListener@211da640, org.springframework.boot.test.mock.mockito.ResetMocksTestExecutionListener@2ec92631]

  .   ____          _            __ _ _
 /\\ / ___'_ __ _ _(_)_ __  __ _ \ \ \ \
( ( )\___ | '_ | '_| | '_ \/ _` | \ \ \ \
 \\/  ___)| |_)| | | | | || (_| |  ) ) ) )
  '  |____| .__|_| |_|_| |_\__, | / / / /
 =========|_|==============|___/=/_/_/_/
 :: Spring Boot ::        (v2.2.0.RELEASE)

2022-03-01 21:19:36.379  INFO 20764 --- [    Test worker] c.m.challenge.ChallengeApplicationTests  : Starting ChallengeApplicationTests on ZERO with PID 20764 (started by Amey Shahane in C:\Users\Amey Shahane\Desktop\a\Mindex_Coding_Challange)
2022-03-01 21:19:36.379 DEBUG 20764 --- [    Test worker] c.m.challenge.ChallengeApplicationTests  : Running with Spring Boot v2.2.0.RELEASE, Spring v5.2.0.RELEASE
2022-03-01 21:19:36.379  INFO 20764 --- [    Test worker] c.m.challenge.ChallengeApplicationTests  : No active profile set, falling back to default profiles: default
2022-03-01 21:19:36.495  INFO 20764 --- [    Test worker] .s.d.r.c.RepositoryConfigurationDelegate : Bootstrapping Spring Data repositories in DEFAULT mode.
2022-03-01 21:19:36.502  INFO 20764 --- [    Test worker] .s.d.r.c.RepositoryConfigurationDelegate : Finished Spring Data repository scanning in 6ms. Found 2 repository interfaces.
2022-03-01 21:19:36.650  INFO 20764 --- [    Test worker] de.bwaldvogel.mongo.MongoServer          : started MongoServer(port: 50897, ssl: false)
2022-03-01 21:19:36.652  INFO 20764 --- [    Test worker] org.mongodb.driver.cluster               : Cluster created with settings {hosts=[127.0.0.1:50897], mode=SINGLE, requiredClusterType=UNKNOWN, serverSelectionTimeout='30000 ms', maxWaitQueueSize=500}
2022-03-01 21:19:36.654  INFO 20764 --- [-server-worker1] d.b.mongo.wire.MongoWireProtocolHandler  : client [id: 0x773a2a4d, L:/127.0.0.1:50897 - R:/127.0.0.1:50898] connected
2022-03-01 21:19:36.659  WARN 20764 --- [    Test worker] o.s.data.convert.CustomConversions       : Registering converter from class java.time.LocalDateTime to class java.time.Instant as reading converter although it doesn't convert from a store-supported type! You might wanna check you annotation setup at the converter implementation.
2022-03-01 21:19:36.659  WARN 20764 --- [    Test worker] o.s.data.convert.CustomConversions       : Registering converter from class java.time.Instant to class java.time.LocalDateTime as reading converter although it doesn't convert from a store-supported type! You might wanna check you annotation setup at the converter implementation.
2022-03-01 21:19:36.660  WARN 20764 --- [    Test worker] o.s.data.convert.CustomConversions       : Registering converter from class java.time.LocalDateTime to class java.time.Instant as reading converter although it doesn't convert from a store-supported type! You might wanna check you annotation setup at the converter implementation.
2022-03-01 21:19:36.660  WARN 20764 --- [    Test worker] o.s.data.convert.CustomConversions       : Registering converter from class java.time.Instant to class java.time.LocalDateTime as reading converter although it doesn't convert from a store-supported type! You might wanna check you annotation setup at the converter implementation.
2022-03-01 21:19:36.662  INFO 20764 --- [127.0.0.1:50897] org.mongodb.driver.connection            : Opened connection [connectionId{localValue:3}] to 127.0.0.1:50897
2022-03-01 21:19:36.663  INFO 20764 --- [127.0.0.1:50897] org.mongodb.driver.cluster               : Monitor thread successfully connected to server with description ServerDescription{address=127.0.0.1:50897, type=STANDALONE, state=CONNECTED, ok=true, version=ServerVersion{versionList=[3, 0, 0]}, minWireVersion=0, maxWireVersion=2, maxDocumentSize=16777216, logicalSessionTimeoutMinutes=null, roundTripTimeNanos=713300}
2022-03-01 21:19:36.711  INFO 20764 --- [-server-worker2] d.b.mongo.wire.MongoWireProtocolHandler  : client [id: 0x01c49c72, L:/127.0.0.1:50897 - R:/127.0.0.1:50899] connected
2022-03-01 21:19:36.718  INFO 20764 --- [    Test worker] org.mongodb.driver.connection            : Opened connection [connectionId{localValue:4}] to 127.0.0.1:50897
2022-03-01 21:19:36.719  INFO 20764 --- [-server-worker2] d.b.mongo.backend.AbstractMongoBackend   : created database test
2022-03-01 21:19:36.719  INFO 20764 --- [-server-worker2] d.b.mongo.backend.AbstractMongoDatabase  : adding unique _id index for collection employee
2022-03-01 21:19:36.719  INFO 20764 --- [-server-worker2] d.b.mongo.backend.AbstractMongoDatabase  : created collection test.employee
2022-03-01 21:19:36.897  INFO 20764 --- [    Test worker] o.s.s.concurrent.ThreadPoolTaskExecutor  : Initializing ExecutorService 'applicationTaskExecutor'
2022-03-01 21:19:37.015  WARN 20764 --- [    Test worker] o.s.data.convert.CustomConversions       : Registering converter from class java.time.LocalDateTime to class java.time.Instant as reading converter although it doesn't convert from a store-supported type! You might wanna check you annotation setup at the converter implementation.
2022-03-01 21:19:37.016  WARN 20764 --- [    Test worker] o.s.data.convert.CustomConversions       : Registering converter from class java.time.Instant to class java.time.LocalDateTime as reading converter although it doesn't convert from a store-supported type! You might wanna check you annotation setup at the converter implementation.
2022-03-01 21:19:37.032  WARN 20764 --- [    Test worker] o.s.data.convert.CustomConversions       : Registering converter from class java.time.LocalDateTime to class java.time.Instant as reading converter although it doesn't convert from a store-supported type! You might wanna check you annotation setup at the converter implementation.
2022-03-01 21:19:37.032  WARN 20764 --- [    Test worker] o.s.data.convert.CustomConversions       : Registering converter from class java.time.Instant to class java.time.LocalDateTime as reading converter although it doesn't convert from a store-supported type! You might wanna check you annotation setup at the converter implementation.
2022-03-01 21:19:37.077  INFO 20764 --- [    Test worker] c.m.challenge.ChallengeApplicationTests  : Started ChallengeApplicationTests in 0.716 seconds (JVM running for 5.082)
]]></system-out>
  <system-err><![CDATA[]]></system-err>
</testsuite>
