<?xml version="1.0" encoding="UTF-8"?>
<testsuite name="com.mindex.challenge.service.impl.CompensationServiceImplTest" tests="1" skipped="0" failures="0" errors="0" timestamp="2022-03-02T02:19:37" hostname="ZERO" time="0.066">
  <properties/>
  <testcase name="testCreateRead" classname="com.mindex.challenge.service.impl.CompensationServiceImplTest" time="0.066"/>
  <system-out><![CDATA[2022-03-01 21:19:37.105  INFO 20764 --- [    Test worker] .b.t.c.SpringBootTestContextBootstrapper : Neither @ContextConfiguration nor @ContextHierarchy found for test class [com.mindex.challenge.service.impl.CompensationServiceImplTest], using SpringBootContextLoader
2022-03-01 21:19:37.106  INFO 20764 --- [    Test worker] o.s.t.c.support.AbstractContextLoader    : Could not detect default resource locations for test class [com.mindex.challenge.service.impl.CompensationServiceImplTest]: no resource found for suffixes {-context.xml, Context.groovy}.
2022-03-01 21:19:37.106  INFO 20764 --- [    Test worker] t.c.s.AnnotationConfigContextLoaderUtils : Could not detect default configuration classes for test class [com.mindex.challenge.service.impl.CompensationServiceImplTest]: CompensationServiceImplTest does not declare any static, non-private, non-final, nested classes annotated with @Configuration.
2022-03-01 21:19:37.107  INFO 20764 --- [    Test worker] .b.t.c.SpringBootTestContextBootstrapper : Found @SpringBootConfiguration com.mindex.challenge.ChallengeApplication for test class com.mindex.challenge.service.impl.CompensationServiceImplTest
2022-03-01 21:19:37.109  INFO 20764 --- [    Test worker] .b.t.c.SpringBootTestContextBootstrapper : Loaded default TestExecutionListener class names from location [META-INF/spring.factories]: [org.springframework.boot.test.autoconfigure.restdocs.RestDocsTestExecutionListener, org.springframework.boot.test.autoconfigure.web.client.MockRestServiceServerResetTestExecutionListener, org.springframework.boot.test.autoconfigure.web.servlet.MockMvcPrintOnlyOnFailureTestExecutionListener, org.springframework.boot.test.autoconfigure.web.servlet.WebDriverTestExecutionListener, org.springframework.boot.test.mock.mockito.MockitoTestExecutionListener, org.springframework.boot.test.mock.mockito.ResetMocksTestExecutionListener, org.springframework.test.context.web.ServletTestExecutionListener, org.springframework.test.context.support.DirtiesContextBeforeModesTestExecutionListener, org.springframework.test.context.support.DependencyInjectionTestExecutionListener, org.springframework.test.context.support.DirtiesContextTestExecutionListener, org.springframework.test.context.transaction.TransactionalTestExecutionListener, org.springframework.test.context.jdbc.SqlScriptsTestExecutionListener, org.springframework.test.context.event.EventPublishingTestExecutionListener]
2022-03-01 21:19:37.109  INFO 20764 --- [    Test worker] .b.t.c.SpringBootTestContextBootstrapper : Using TestExecutionListeners: [org.springframework.test.context.web.ServletTestExecutionListener@2052f095, org.springframework.test.context.support.DirtiesContextBeforeModesTestExecutionListener@76d1f6ea, org.springframework.boot.test.mock.mockito.MockitoTestExecutionListener@55fe9c2f, org.springframework.boot.test.autoconfigure.SpringBootDependencyInjectionTestExecutionListener@3580134d, org.springframework.test.context.support.DirtiesContextTestExecutionListener@2e19b30, org.springframework.test.context.transaction.TransactionalTestExecutionListener@7b7e4b20, org.springframework.test.context.jdbc.SqlScriptsTestExecutionListener@5ac0bf84, org.springframework.test.context.event.EventPublishingTestExecutionListener@6fefc5ea, org.springframework.boot.test.autoconfigure.restdocs.RestDocsTestExecutionListener@6159fb3c, org.springframework.boot.test.autoconfigure.web.client.MockRestServiceServerResetTestExecutionListener@68f79b7c, org.springframework.boot.test.autoconfigure.web.servlet.MockMvcPrintOnlyOnFailureTestExecutionListener@37142579, org.springframework.boot.test.autoconfigure.web.servlet.WebDriverTestExecutionListener@264576e4, org.springframework.boot.test.mock.mockito.ResetMocksTestExecutionListener@86bf90b]
2022-03-01 21:19:37.125 DEBUG 20764 --- [o-auto-1-exec-2] c.m.c.controller.EmployeeController      : Got employee create request for [com.mindex.challenge.data.Employee@1f5a3200]
2022-03-01 21:19:37.126 DEBUG 20764 --- [o-auto-1-exec-2] c.m.c.service.impl.EmployeeServiceImpl   : Creating employee [com.mindex.challenge.data.Employee@1f5a3200]
2022-03-01 21:19:37.143 DEBUG 20764 --- [o-auto-1-exec-3] c.m.c.controller.CompensationController  : Got compensation create request for [Compensation{employee=com.mindex.challenge.data.Employee@792c817f, salary=100000.0, effectiveDate=2022-03-01}]
2022-03-01 21:19:37.143 DEBUG 20764 --- [o-auto-1-exec-3] c.m.c.s.impl.CompensationServiceImpl     : Creating compensation [Compensation{employee=com.mindex.challenge.data.Employee@792c817f, salary=100000.0, effectiveDate=2022-03-01}]
2022-03-01 21:19:37.143 DEBUG 20764 --- [o-auto-1-exec-3] c.m.c.service.impl.EmployeeServiceImpl   : Creating employee with id [98fb8b79-57d7-4a22-ab59-ad1f89db9d2d]
2022-03-01 21:19:37.152  INFO 20764 --- [-server-worker2] d.b.mongo.backend.AbstractMongoDatabase  : adding unique _id index for collection compensation
2022-03-01 21:19:37.152  INFO 20764 --- [-server-worker2] d.b.mongo.backend.AbstractMongoDatabase  : created collection test.compensation
2022-03-01 21:19:37.158 DEBUG 20764 --- [o-auto-1-exec-4] c.m.c.controller.CompensationController  : Got compensation read request for id [98fb8b79-57d7-4a22-ab59-ad1f89db9d2d]
2022-03-01 21:19:37.158 DEBUG 20764 --- [o-auto-1-exec-4] c.m.c.s.impl.CompensationServiceImpl     : Reading employee with id [98fb8b79-57d7-4a22-ab59-ad1f89db9d2d]
]]></system-out>
  <system-err><![CDATA[]]></system-err>
</testsuite>
